000 (187224.009.000) 2019-12-05 21:10:42 Job submitted from host: <128.104.100.148:9618?addrs=128.104.100.148-9618+[2607-f388-107c-501-216-3eff-feb2-bc11]-9618&alias=learn.chtc.wisc.edu&noUDP&sock=schedd_2092_8437_3>
...
040 (187224.009.000) 2019-12-05 21:14:46 Started transferring input files
	Transferring to host: <128.105.245.242:9618?addrs=128.105.245.242-9618&alias=e442.chtc.wisc.edu&noUDP&sock=starter_21903_6514_84594>
...
040 (187224.009.000) 2019-12-05 21:15:11 Finished transferring input files
...
001 (187224.009.000) 2019-12-05 21:15:12 Job executing on host: <128.105.245.242:9618?addrs=128.105.245.242-9618&alias=e442.chtc.wisc.edu&noUDP&sock=startd_7181_25ad_15>
...
006 (187224.009.000) 2019-12-05 21:15:21 Image size of job updated: 219296
	213  -  MemoryUsage of job (MB)
	217712  -  ResidentSetSize of job (KB)
...
006 (187224.009.000) 2019-12-05 21:16:10 Image size of job updated: 1305324
	214  -  MemoryUsage of job (MB)
	218636  -  ResidentSetSize of job (KB)
...
040 (187224.009.000) 2019-12-05 21:16:10 Started transferring output files
...
040 (187224.009.000) 2019-12-05 21:16:11 Finished transferring output files
...
005 (187224.009.000) 2019-12-05 21:16:11 Job terminated.
	(1) Normal termination (return value 0)
		Usr 0 00:00:56, Sys 0 00:00:03  -  Run Remote Usage
		Usr 0 00:00:00, Sys 0 00:00:00  -  Run Local Usage
		Usr 0 00:00:56, Sys 0 00:00:03  -  Total Remote Usage
		Usr 0 00:00:00, Sys 0 00:00:00  -  Total Local Usage
	6005763  -  Run Bytes Sent By Job
	368482880  -  Run Bytes Received By Job
	6005763  -  Total Bytes Sent By Job
	368482880  -  Total Bytes Received By Job
	Partitionable Resources :     Usage  Request Allocated 
	   Cpus                 :      0.01        2         2 
	   Disk (KB)            : 500861     4194304   4686939 
	   IoHeavy              :                            0 
	   Memory (MB)          :    214        4096      4096 

	Job terminated of its own accord at 2019-12-06T03:16:10Z.
...
