000 (187224.006.000) 2019-12-05 21:10:42 Job submitted from host: <128.104.100.148:9618?addrs=128.104.100.148-9618+[2607-f388-107c-501-216-3eff-feb2-bc11]-9618&alias=learn.chtc.wisc.edu&noUDP&sock=schedd_2092_8437_3>
...
040 (187224.006.000) 2019-12-05 21:15:23 Started transferring input files
	Transferring to host: <128.105.245.101:9618?addrs=128.105.245.101-9618&alias=e301.chtc.wisc.edu&noUDP&sock=starter_33768_5c56_103381>
...
040 (187224.006.000) 2019-12-05 21:15:58 Finished transferring input files
...
001 (187224.006.000) 2019-12-05 21:15:59 Job executing on host: <128.105.245.101:9618?addrs=128.105.245.101-9618&alias=e301.chtc.wisc.edu&noUDP&sock=startd_7158_5f00_3>
...
006 (187224.006.000) 2019-12-05 21:16:12 Image size of job updated: 71140
	67  -  MemoryUsage of job (MB)
	68236  -  ResidentSetSize of job (KB)
...
006 (187224.006.000) 2019-12-05 21:17:19 Image size of job updated: 951960
	83  -  MemoryUsage of job (MB)
	84340  -  ResidentSetSize of job (KB)
...
040 (187224.006.000) 2019-12-05 21:17:22 Started transferring output files
...
040 (187224.006.000) 2019-12-05 21:17:22 Finished transferring output files
...
005 (187224.006.000) 2019-12-05 21:17:34 Job terminated.
	(1) Normal termination (return value 0)
		Usr 0 00:01:04, Sys 0 00:00:02  -  Run Remote Usage
		Usr 0 00:00:00, Sys 0 00:00:00  -  Run Local Usage
		Usr 0 00:01:04, Sys 0 00:00:02  -  Total Remote Usage
		Usr 0 00:00:00, Sys 0 00:00:00  -  Total Local Usage
	6655872  -  Run Bytes Sent By Job
	267113024  -  Run Bytes Received By Job
	6655872  -  Total Bytes Sent By Job
	267113024  -  Total Bytes Received By Job
	Partitionable Resources :     Usage  Request Allocated 
	   Cpus                 :      0.99        2         2 
	   Disk (KB)            : 402502     4194304   4652735 
	   IoHeavy              :                            0 
	   Memory (MB)          :     83        4096      4096 

	Job terminated of its own accord at 2019-12-06T03:17:17Z.
...
