000 (187224.002.000) 2019-12-05 21:10:42 Job submitted from host: <128.104.100.148:9618?addrs=128.104.100.148-9618+[2607-f388-107c-501-216-3eff-feb2-bc11]-9618&alias=learn.chtc.wisc.edu&noUDP&sock=schedd_2092_8437_3>
...
040 (187224.002.000) 2019-12-05 21:14:36 Started transferring input files
	Transferring to host: <128.105.245.131:9618?addrs=128.105.245.131-9618&alias=e331.chtc.wisc.edu&noUDP&sock=starter_26380_d8aa_54590>
...
040 (187224.002.000) 2019-12-05 21:14:49 Finished transferring input files
...
001 (187224.002.000) 2019-12-05 21:14:50 Job executing on host: <128.105.245.131:9618?addrs=128.105.245.131-9618&alias=e331.chtc.wisc.edu&noUDP&sock=startd_5994_f6c3_31>
...
006 (187224.002.000) 2019-12-05 21:14:59 Image size of job updated: 165580
	159  -  MemoryUsage of job (MB)
	162676  -  ResidentSetSize of job (KB)
...
006 (187224.002.000) 2019-12-05 21:15:27 Image size of job updated: 331448
	159  -  MemoryUsage of job (MB)
	162676  -  ResidentSetSize of job (KB)
...
040 (187224.002.000) 2019-12-05 21:15:27 Started transferring output files
...
040 (187224.002.000) 2019-12-05 21:15:27 Finished transferring output files
...
005 (187224.002.000) 2019-12-05 21:15:28 Job terminated.
	(1) Normal termination (return value 0)
		Usr 0 00:00:34, Sys 0 00:00:01  -  Run Remote Usage
		Usr 0 00:00:00, Sys 0 00:00:00  -  Run Local Usage
		Usr 0 00:00:34, Sys 0 00:00:01  -  Total Remote Usage
		Usr 0 00:00:00, Sys 0 00:00:00  -  Total Local Usage
	6226238  -  Run Bytes Sent By Job
	101072048  -  Run Bytes Received By Job
	6226238  -  Total Bytes Sent By Job
	101072048  -  Total Bytes Received By Job
	Partitionable Resources :    Usage  Request Allocated 
	   Cpus                 :        0        2         2 
	   Disk (KB)            :   239931  4194304   4665108 
	   IoHeavy              :                           0 
	   Memory (MB)          :      159     4096      4096 

	Job terminated of its own accord at 2019-12-06T03:15:27Z.
...
