000 (187224.015.000) 2019-12-05 21:10:42 Job submitted from host: <128.104.100.148:9618?addrs=128.104.100.148-9618+[2607-f388-107c-501-216-3eff-feb2-bc11]-9618&alias=learn.chtc.wisc.edu&noUDP&sock=schedd_2092_8437_3>
...
040 (187224.015.000) 2019-12-05 21:15:41 Started transferring input files
	Transferring to host: <128.104.100.103:9618?addrs=128.104.100.103-9618+[2607-f388-107c-501-f24d-a2ff-fe75-e00b]-9618&alias=e0024.chtc.wisc.edu&noUDP&sock=starter_5668_5e60_1933>
...
040 (187224.015.000) 2019-12-05 21:16:07 Finished transferring input files
...
001 (187224.015.000) 2019-12-05 21:16:08 Job executing on host: <128.104.100.103:9618?addrs=128.104.100.103-9618+[2607-f388-107c-501-f24d-a2ff-fe75-e00b]-9618&alias=e0024.chtc.wisc.edu&noUDP&sock=startd_4517_dd61_3>
...
006 (187224.015.000) 2019-12-05 21:16:16 Image size of job updated: 191036
	184  -  MemoryUsage of job (MB)
	188264  -  ResidentSetSize of job (KB)
...
006 (187224.015.000) 2019-12-05 21:17:17 Image size of job updated: 962204
	193  -  MemoryUsage of job (MB)
	196640  -  ResidentSetSize of job (KB)
...
040 (187224.015.000) 2019-12-05 21:17:17 Started transferring output files
...
040 (187224.015.000) 2019-12-05 21:17:17 Finished transferring output files
...
005 (187224.015.000) 2019-12-05 21:17:17 Job terminated.
	(1) Normal termination (return value 0)
		Usr 0 00:01:06, Sys 0 00:00:02  -  Run Remote Usage
		Usr 0 00:00:00, Sys 0 00:00:00  -  Run Local Usage
		Usr 0 00:01:06, Sys 0 00:00:02  -  Total Remote Usage
		Usr 0 00:00:00, Sys 0 00:00:00  -  Total Local Usage
	5544538  -  Run Bytes Sent By Job
	360852928  -  Run Bytes Received By Job
	5544538  -  Total Bytes Sent By Job
	360852928  -  Total Bytes Received By Job
	Partitionable Resources :    Usage  Request Allocated 
	   Cpus                 :        0        2         2 
	   Disk (KB)            :   492957  4194304   4519264 
	   IoHeavy              :                           0 
	   Memory (MB)          :      193     4096      4096 

	Job terminated of its own accord at 2019-12-06T03:17:17Z.
...
