000 (187224.001.000) 2019-12-05 21:10:42 Job submitted from host: <128.104.100.148:9618?addrs=128.104.100.148-9618+[2607-f388-107c-501-216-3eff-feb2-bc11]-9618&alias=learn.chtc.wisc.edu&noUDP&sock=schedd_2092_8437_3>
...
040 (187224.001.000) 2019-12-05 21:14:41 Started transferring input files
	Transferring to host: <128.104.100.103:9618?addrs=128.104.100.103-9618+[2607-f388-107c-501-f24d-a2ff-fe75-e00b]-9618&alias=e0024.chtc.wisc.edu&noUDP&sock=starter_5668_5e60_1930>
...
040 (187224.001.000) 2019-12-05 21:14:43 Finished transferring input files
...
001 (187224.001.000) 2019-12-05 21:14:44 Job executing on host: <128.104.100.103:9618?addrs=128.104.100.103-9618+[2607-f388-107c-501-f24d-a2ff-fe75-e00b]-9618&alias=e0024.chtc.wisc.edu&noUDP&sock=startd_4517_dd61_3>
...
006 (187224.001.000) 2019-12-05 21:14:53 Image size of job updated: 217044
	210  -  MemoryUsage of job (MB)
	214272  -  ResidentSetSize of job (KB)
...
006 (187224.001.000) 2019-12-05 21:15:00 Image size of job updated: 275536
	210  -  MemoryUsage of job (MB)
	214668  -  ResidentSetSize of job (KB)
...
040 (187224.001.000) 2019-12-05 21:15:00 Started transferring output files
...
040 (187224.001.000) 2019-12-05 21:15:00 Finished transferring output files
...
005 (187224.001.000) 2019-12-05 21:15:01 Job terminated.
	(1) Normal termination (return value 0)
		Usr 0 00:00:13, Sys 0 00:00:01  -  Run Remote Usage
		Usr 0 00:00:00, Sys 0 00:00:00  -  Run Local Usage
		Usr 0 00:00:13, Sys 0 00:00:01  -  Total Remote Usage
		Usr 0 00:00:00, Sys 0 00:00:00  -  Total Local Usage
	6877015  -  Run Bytes Sent By Job
	70840672  -  Run Bytes Received By Job
	6877015  -  Total Bytes Sent By Job
	70840672  -  Total Bytes Received By Job
	Partitionable Resources :     Usage  Request Allocated 
	   Cpus                 :      0.01        2         2 
	   Disk (KB)            : 211043     4194304   4519264 
	   IoHeavy              :                            0 
	   Memory (MB)          :    210        4096      4096 

	Job terminated of its own accord at 2019-12-06T03:15:00Z.
...
