000 (187224.011.000) 2019-12-05 21:10:42 Job submitted from host: <128.104.100.148:9618?addrs=128.104.100.148-9618+[2607-f388-107c-501-216-3eff-feb2-bc11]-9618&alias=learn.chtc.wisc.edu&noUDP&sock=schedd_2092_8437_3>
...
040 (187224.011.000) 2019-12-05 21:14:45 Started transferring input files
	Transferring to host: <128.104.58.152:9618?addrs=128.104.58.152-9618+[2607-f388-1086-0-16fe-b5ff-fec6-7b7c]-9618&alias=e1004.chtc.wisc.edu&noUDP&sock=starter_42893_bfa9_46304>
...
040 (187224.011.000) 2019-12-05 21:15:03 Finished transferring input files
...
001 (187224.011.000) 2019-12-05 21:15:04 Job executing on host: <128.104.58.152:9618?addrs=128.104.58.152-9618+[2607-f388-1086-0-16fe-b5ff-fec6-7b7c]-9618&alias=e1004.chtc.wisc.edu&noUDP&sock=startd_28572_980d_33>
...
006 (187224.011.000) 2019-12-05 21:15:14 Image size of job updated: 153080
	148  -  MemoryUsage of job (MB)
	151232  -  ResidentSetSize of job (KB)
...
006 (187224.011.000) 2019-12-05 21:16:58 Image size of job updated: 1321132
	148  -  MemoryUsage of job (MB)
	151232  -  ResidentSetSize of job (KB)
...
040 (187224.011.000) 2019-12-05 21:16:59 Started transferring output files
...
040 (187224.011.000) 2019-12-05 21:16:59 Finished transferring output files
...
005 (187224.011.000) 2019-12-05 21:16:59 Job terminated.
	(1) Normal termination (return value 0)
		Usr 0 00:01:47, Sys 0 00:00:05  -  Run Remote Usage
		Usr 0 00:00:00, Sys 0 00:00:00  -  Run Local Usage
		Usr 0 00:01:47, Sys 0 00:00:05  -  Total Remote Usage
		Usr 0 00:00:00, Sys 0 00:00:00  -  Total Local Usage
	6116726  -  Run Bytes Sent By Job
	368175456  -  Run Bytes Received By Job
	6116726  -  Total Bytes Sent By Job
	368175456  -  Total Bytes Received By Job
	Partitionable Resources :     Usage  Request Allocated 
	   Cpus                 :      0.77        2         2 
	   Disk (KB)            : 500669     4194304   4514425 
	   IoHeavy              :                            0 
	   Memory (MB)          :    148        4096      4096 

	Job terminated of its own accord at 2019-12-06T03:16:58Z.
...
