000 (187224.004.000) 2019-12-05 21:10:42 Job submitted from host: <128.104.100.148:9618?addrs=128.104.100.148-9618+[2607-f388-107c-501-216-3eff-feb2-bc11]-9618&alias=learn.chtc.wisc.edu&noUDP&sock=schedd_2092_8437_3>
...
040 (187224.004.000) 2019-12-05 21:14:26 Started transferring input files
	Transferring to host: <128.104.100.129:9618?addrs=128.104.100.129-9618+[2607-f388-107c-501-f24d-a2ff-fe75-d8d3]-9618&alias=e0050.chtc.wisc.edu&noUDP&sock=starter_27436_e4d5_2180>
...
040 (187224.004.000) 2019-12-05 21:14:51 Finished transferring input files
...
001 (187224.004.000) 2019-12-05 21:14:52 Job executing on host: <128.104.100.129:9618?addrs=128.104.100.129-9618+[2607-f388-107c-501-f24d-a2ff-fe75-d8d3]-9618&alias=e0050.chtc.wisc.edu&noUDP&sock=startd_22649_e89a_3>
...
006 (187224.004.000) 2019-12-05 21:15:01 Image size of job updated: 70320
	67  -  MemoryUsage of job (MB)
	68472  -  ResidentSetSize of job (KB)
...
006 (187224.004.000) 2019-12-05 21:15:26 Image size of job updated: 828408
	67  -  MemoryUsage of job (MB)
	68472  -  ResidentSetSize of job (KB)
...
040 (187224.004.000) 2019-12-05 21:15:26 Started transferring output files
...
040 (187224.004.000) 2019-12-05 21:15:26 Finished transferring output files
...
005 (187224.004.000) 2019-12-05 21:15:27 Job terminated.
	(1) Normal termination (return value 0)
		Usr 0 00:00:24, Sys 0 00:00:02  -  Run Remote Usage
		Usr 0 00:00:00, Sys 0 00:00:00  -  Run Local Usage
		Usr 0 00:00:24, Sys 0 00:00:02  -  Total Remote Usage
		Usr 0 00:00:00, Sys 0 00:00:00  -  Total Local Usage
	6449330  -  Run Bytes Sent By Job
	204489440  -  Run Bytes Received By Job
	6449330  -  Total Bytes Sent By Job
	204489440  -  Total Bytes Received By Job
	Partitionable Resources :     Usage  Request Allocated 
	   Cpus                 :      0.97        2         2 
	   Disk (KB)            : 341142     4194304   4518435 
	   IoHeavy              :                            0 
	   Memory (MB)          :     67        4096      4096 

	Job terminated of its own accord at 2019-12-06T03:15:26Z.
...
