000 (187224.023.000) 2019-12-05 21:10:42 Job submitted from host: <128.104.100.148:9618?addrs=128.104.100.148-9618+[2607-f388-107c-501-216-3eff-feb2-bc11]-9618&alias=learn.chtc.wisc.edu&noUDP&sock=schedd_2092_8437_3>
...
040 (187224.023.000) 2019-12-05 21:16:37 Started transferring input files
	Transferring to host: <128.105.245.131:9618?addrs=128.105.245.131-9618&alias=e331.chtc.wisc.edu&noUDP&sock=starter_26380_d8aa_54593>
...
040 (187224.023.000) 2019-12-05 21:16:57 Finished transferring input files
...
001 (187224.023.000) 2019-12-05 21:16:58 Job executing on host: <128.105.245.131:9618?addrs=128.105.245.131-9618&alias=e331.chtc.wisc.edu&noUDP&sock=startd_5994_f6c3_31>
...
006 (187224.023.000) 2019-12-05 21:17:07 Image size of job updated: 226332
	219  -  MemoryUsage of job (MB)
	223428  -  ResidentSetSize of job (KB)
...
006 (187224.023.000) 2019-12-05 21:18:15 Image size of job updated: 985616
	220  -  MemoryUsage of job (MB)
	224352  -  ResidentSetSize of job (KB)
...
040 (187224.023.000) 2019-12-05 21:18:15 Started transferring output files
...
040 (187224.023.000) 2019-12-05 21:18:15 Finished transferring output files
...
005 (187224.023.000) 2019-12-05 21:18:15 Job terminated.
	(1) Normal termination (return value 0)
		Usr 0 00:01:13, Sys 0 00:00:03  -  Run Remote Usage
		Usr 0 00:00:00, Sys 0 00:00:00  -  Run Local Usage
		Usr 0 00:01:13, Sys 0 00:00:03  -  Total Remote Usage
		Usr 0 00:00:00, Sys 0 00:00:00  -  Total Local Usage
	5401041  -  Run Bytes Sent By Job
	425268352  -  Run Bytes Received By Job
	5401041  -  Total Bytes Sent By Job
	425268352  -  Total Bytes Received By Job
	Partitionable Resources :     Usage  Request Allocated 
	   Cpus                 :      1.00        2         2 
	   Disk (KB)            : 555725     4194304   4665108 
	   IoHeavy              :                            0 
	   Memory (MB)          :    220        4096      4096 

	Job terminated of its own accord at 2019-12-06T03:18:15Z.
...
