000 (187224.022.000) 2019-12-05 21:10:42 Job submitted from host: <128.104.100.148:9618?addrs=128.104.100.148-9618+[2607-f388-107c-501-216-3eff-feb2-bc11]-9618&alias=learn.chtc.wisc.edu&noUDP&sock=schedd_2092_8437_3>
...
040 (187224.022.000) 2019-12-05 21:16:14 Started transferring input files
	Transferring to host: <128.105.245.242:9618?addrs=128.105.245.242-9618&alias=e442.chtc.wisc.edu&noUDP&sock=starter_21903_6514_84604>
...
040 (187224.022.000) 2019-12-05 21:16:28 Finished transferring input files
...
001 (187224.022.000) 2019-12-05 21:16:29 Job executing on host: <128.105.245.242:9618?addrs=128.105.245.242-9618&alias=e442.chtc.wisc.edu&noUDP&sock=startd_7181_25ad_15>
...
006 (187224.022.000) 2019-12-05 21:16:38 Image size of job updated: 183060
	178  -  MemoryUsage of job (MB)
	181344  -  ResidentSetSize of job (KB)
...
006 (187224.022.000) 2019-12-05 21:17:49 Image size of job updated: 1502588
	179  -  MemoryUsage of job (MB)
	182664  -  ResidentSetSize of job (KB)
...
040 (187224.022.000) 2019-12-05 21:17:50 Started transferring output files
...
040 (187224.022.000) 2019-12-05 21:17:50 Finished transferring output files
...
005 (187224.022.000) 2019-12-05 21:17:50 Job terminated.
	(1) Normal termination (return value 0)
		Usr 0 00:01:17, Sys 0 00:00:03  -  Run Remote Usage
		Usr 0 00:00:00, Sys 0 00:00:00  -  Run Local Usage
		Usr 0 00:01:17, Sys 0 00:00:03  -  Total Remote Usage
		Usr 0 00:00:00, Sys 0 00:00:00  -  Total Local Usage
	5153400  -  Run Bytes Sent By Job
	442161632  -  Run Bytes Received By Job
	5153400  -  Total Bytes Sent By Job
	442161632  -  Total Bytes Received By Job
	Partitionable Resources :     Usage  Request Allocated 
	   Cpus                 :      1.00        2         2 
	   Disk (KB)            : 571979     4194304   4686939 
	   IoHeavy              :                            0 
	   Memory (MB)          :    179        4096      4096 

	Job terminated of its own accord at 2019-12-06T03:17:49Z.
...
