000 (187224.008.000) 2019-12-05 21:10:42 Job submitted from host: <128.104.100.148:9618?addrs=128.104.100.148-9618+[2607-f388-107c-501-216-3eff-feb2-bc11]-9618&alias=learn.chtc.wisc.edu&noUDP&sock=schedd_2092_8437_3>
...
040 (187224.008.000) 2019-12-05 21:15:30 Started transferring input files
	Transferring to host: <128.105.245.131:9618?addrs=128.105.245.131-9618&alias=e331.chtc.wisc.edu&noUDP&sock=starter_26380_d8aa_54591>
...
040 (187224.008.000) 2019-12-05 21:15:45 Finished transferring input files
...
001 (187224.008.000) 2019-12-05 21:15:46 Job executing on host: <128.105.245.131:9618?addrs=128.105.245.131-9618&alias=e331.chtc.wisc.edu&noUDP&sock=startd_5994_f6c3_31>
...
006 (187224.008.000) 2019-12-05 21:15:54 Image size of job updated: 218376
	211  -  MemoryUsage of job (MB)
	215472  -  ResidentSetSize of job (KB)
...
006 (187224.008.000) 2019-12-05 21:16:34 Image size of job updated: 981676
	212  -  MemoryUsage of job (MB)
	216132  -  ResidentSetSize of job (KB)
...
040 (187224.008.000) 2019-12-05 21:16:34 Started transferring output files
...
040 (187224.008.000) 2019-12-05 21:16:34 Finished transferring output files
...
005 (187224.008.000) 2019-12-05 21:16:34 Job terminated.
	(1) Normal termination (return value 0)
		Usr 0 00:00:45, Sys 0 00:00:01  -  Run Remote Usage
		Usr 0 00:00:00, Sys 0 00:00:00  -  Run Local Usage
		Usr 0 00:00:45, Sys 0 00:00:01  -  Total Remote Usage
		Usr 0 00:00:00, Sys 0 00:00:00  -  Total Local Usage
	6495465  -  Run Bytes Sent By Job
	319400640  -  Run Bytes Received By Job
	6495465  -  Total Bytes Sent By Job
	319400640  -  Total Bytes Received By Job
	Partitionable Resources :     Usage  Request Allocated 
	   Cpus                 :      1.00        2         2 
	   Disk (KB)            : 453408     4194304   4665108 
	   IoHeavy              :                            0 
	   Memory (MB)          :    212        4096      4096 

	Job terminated of its own accord at 2019-12-06T03:16:33Z.
...
