000 (187224.007.000) 2019-12-05 21:10:42 Job submitted from host: <128.104.100.148:9618?addrs=128.104.100.148-9618+[2607-f388-107c-501-216-3eff-feb2-bc11]-9618&alias=learn.chtc.wisc.edu&noUDP&sock=schedd_2092_8437_3>
...
040 (187224.007.000) 2019-12-05 21:15:30 Started transferring input files
	Transferring to host: <128.104.100.129:9618?addrs=128.104.100.129-9618+[2607-f388-107c-501-f24d-a2ff-fe75-d8d3]-9618&alias=e0050.chtc.wisc.edu&noUDP&sock=starter_27436_e4d5_2181>
...
040 (187224.007.000) 2019-12-05 21:15:58 Finished transferring input files
...
001 (187224.007.000) 2019-12-05 21:15:59 Job executing on host: <128.104.100.129:9618?addrs=128.104.100.129-9618+[2607-f388-107c-501-f24d-a2ff-fe75-d8d3]-9618&alias=e0050.chtc.wisc.edu&noUDP&sock=startd_22649_e89a_3>
...
006 (187224.007.000) 2019-12-05 21:16:08 Image size of job updated: 110056
	106  -  MemoryUsage of job (MB)
	108208  -  ResidentSetSize of job (KB)
...
006 (187224.007.000) 2019-12-05 21:16:46 Image size of job updated: 718616
	106  -  MemoryUsage of job (MB)
	108208  -  ResidentSetSize of job (KB)
...
040 (187224.007.000) 2019-12-05 21:16:46 Started transferring output files
...
040 (187224.007.000) 2019-12-05 21:16:46 Finished transferring output files
...
005 (187224.007.000) 2019-12-05 21:16:46 Job terminated.
	(1) Normal termination (return value 0)
		Usr 0 00:00:34, Sys 0 00:00:04  -  Run Remote Usage
		Usr 0 00:00:00, Sys 0 00:00:00  -  Run Local Usage
		Usr 0 00:00:34, Sys 0 00:00:04  -  Total Remote Usage
		Usr 0 00:00:00, Sys 0 00:00:00  -  Total Local Usage
	6320488  -  Run Bytes Sent By Job
	271579232  -  Run Bytes Received By Job
	6320488  -  Total Bytes Sent By Job
	271579232  -  Total Bytes Received By Job
	Partitionable Resources :    Usage  Request Allocated 
	   Cpus                 :        0        2         2 
	   Disk (KB)            :   406534  4194304   4518435 
	   IoHeavy              :                           0 
	   Memory (MB)          :      106     4096      4096 

	Job terminated of its own accord at 2019-12-06T03:16:46Z.
...
